[0.007s] Invoking command in '/home/artupays/drone_code_ws/src/px4_ros_com/build/px4_ros_com': CMAKE_PREFIX_PATH=${CMAKE_PREFIX_PATH}:/opt/ros/humble /usr/bin/cmake /home/artupays/drone_code_ws/src/px4_ros_com -DCMAKE_INSTALL_PREFIX=/home/artupays/drone_code_ws/src/px4_ros_com/install/px4_ros_com
[0.052s] -- The C compiler identification is GNU 11.4.0
[0.092s] -- The CXX compiler identification is GNU 11.4.0
[0.097s] -- Detecting C compiler ABI info
[0.153s] -- Detecting C compiler ABI info - done
[0.158s] -- Check for working C compiler: /usr/bin/cc - skipped
[0.158s] -- Detecting C compile features
[0.158s] -- Detecting C compile features - done
[0.160s] -- Detecting CXX compiler ABI info
[0.218s] -- Detecting CXX compiler ABI info - done
[0.225s] -- Check for working CXX compiler: /usr/bin/c++ - skipped
[0.226s] -- Detecting CXX compile features
[0.226s] -- Detecting CXX compile features - done
[0.228s] -- Found ament_cmake: 1.3.11 (/opt/ros/humble/share/ament_cmake/cmake)
[0.322s] -- Found Python3: /usr/bin/python3 (found version "3.10.12") found components: Interpreter 
[0.402s] -- Found builtin_interfaces: 1.2.1 (/opt/ros/humble/share/builtin_interfaces/cmake)
[0.434s] -- Found rosidl_generator_c: 3.1.6 (/opt/ros/humble/share/rosidl_generator_c/cmake)
[0.439s] -- Found rosidl_adapter: 3.1.6 (/opt/ros/humble/share/rosidl_adapter/cmake)
[0.448s] -- Found rosidl_generator_cpp: 3.1.6 (/opt/ros/humble/share/rosidl_generator_cpp/cmake)
[0.459s] -- Using all available rosidl_typesupport_c: rosidl_typesupport_fastrtps_c;rosidl_typesupport_introspection_c
[0.470s] -- Using all available rosidl_typesupport_cpp: rosidl_typesupport_fastrtps_cpp;rosidl_typesupport_introspection_cpp
[0.480s] -- Found eigen3_cmake_module: 0.1.1 (/opt/ros/humble/share/eigen3_cmake_module/cmake)
[0.485s] -- Found Eigen3: TRUE (found version "3.4.0") 
[0.486s] -- Found geometry_msgs: 4.8.0 (/opt/ros/humble/share/geometry_msgs/cmake)
[0.503s] -- Found px4_msgs: 2.0.1 (/home/artupays/drone_code_ws/install/px4_msgs/share/px4_msgs/cmake)
[0.515s] -- Found rclcpp: 16.0.12 (/opt/ros/humble/share/rclcpp/cmake)
[0.540s] -- Found rmw_implementation_cmake: 6.1.2 (/opt/ros/humble/share/rmw_implementation_cmake/cmake)
[0.541s] -- Found rmw_fastrtps_cpp: 6.2.7 (/opt/ros/humble/share/rmw_fastrtps_cpp/cmake)
[0.593s] -- Found OpenSSL: /usr/lib/x86_64-linux-gnu/libcrypto.so (found version "3.0.2")  
[0.616s] -- Found FastRTPS: /opt/ros/humble/include  
[0.651s] -- Using RMW implementation 'rmw_fastrtps_cpp' as default
[0.656s] -- Looking for pthread.h
[0.708s] -- Looking for pthread.h - found
[0.708s] -- Performing Test CMAKE_HAVE_LIBC_PTHREAD
[0.765s] -- Performing Test CMAKE_HAVE_LIBC_PTHREAD - Success
[0.766s] -- Found Threads: TRUE  
[0.791s] -- Found sensor_msgs: 4.8.0 (/opt/ros/humble/share/sensor_msgs/cmake)
[0.803s] -- Found rclpy: 3.3.16 (/opt/ros/humble/share/rclpy/cmake)
[0.810s] -- Found ament_lint_auto: 0.12.12 (/opt/ros/humble/share/ament_lint_auto/cmake)
[0.894s] -- Added test 'copyright' to check source files copyright and LICENSE
[0.903s] -- Added test 'cppcheck' to perform static code analysis on C / C++ code
[0.903s] -- Configured cppcheck include dirs: /home/artupays/drone_code_ws/src/px4_ros_com/include;$<BUILD_INTERFACE:/home/artupays/drone_code_ws/src/px4_ros_com/include/px4_ros_com>
[0.903s] -- Configured cppcheck exclude dirs and/or files: 
[0.916s] -- Added test 'cpplint' to check C / C++ code against the Google style
[0.916s] -- Configured cpplint exclude dirs and/or files: 
[0.918s] -- Added test 'flake8' to check Python code syntax and style conventions
[0.921s] -- Added test 'lint_cmake' to check CMake code style
[0.922s] -- Added test 'pep257' to check Python code against some of the docstring style conventions in PEP 257
[0.931s] -- Added test 'uncrustify' to check C / C++ code style
[0.931s] -- Configured uncrustify additional arguments: 
[0.933s] -- Added test 'xmllint' to check XML markup files
[0.934s] -- Configuring done
[0.959s] -- Generating done
[0.971s] -- Build files have been written to: /home/artupays/drone_code_ws/src/px4_ros_com/build/px4_ros_com
[0.979s] Invoked command in '/home/artupays/drone_code_ws/src/px4_ros_com/build/px4_ros_com' returned '0': CMAKE_PREFIX_PATH=${CMAKE_PREFIX_PATH}:/opt/ros/humble /usr/bin/cmake /home/artupays/drone_code_ws/src/px4_ros_com -DCMAKE_INSTALL_PREFIX=/home/artupays/drone_code_ws/src/px4_ros_com/install/px4_ros_com
[0.980s] Invoking command in '/home/artupays/drone_code_ws/src/px4_ros_com/build/px4_ros_com': CMAKE_PREFIX_PATH=${CMAKE_PREFIX_PATH}:/opt/ros/humble /usr/bin/cmake --build /home/artupays/drone_code_ws/src/px4_ros_com/build/px4_ros_com -- -j4 -l4
[1.038s] [  7%] [32mBuilding CXX object CMakeFiles/sensor_combined_listener.dir/src/examples/listeners/sensor_combined_listener.cpp.o[0m
[1.042s] [ 14%] [32mBuilding CXX object CMakeFiles/frame_transforms.dir/src/lib/frame_transforms.cpp.o[0m
[1.047s] [ 21%] [32mBuilding CXX object CMakeFiles/vehicle_gps_position_listener.dir/src/examples/listeners/vehicle_gps_position_listener.cpp.o[0m
[1.049s] [ 28%] [32mBuilding CXX object CMakeFiles/debug_vect_advertiser.dir/src/examples/advertisers/debug_vect_advertiser.cpp.o[0m
[7.782s] [ 35%] [32m[1mLinking CXX executable debug_vect_advertiser[0m
[8.161s] [ 35%] Built target debug_vect_advertiser
[8.189s] [ 42%] [32mBuilding CXX object CMakeFiles/offboard_control.dir/src/examples/offboard/offboard_control.cpp.o[0m
[10.863s] [ 50%] [32m[1mLinking CXX shared library libframe_transforms.so[0m
[11.378s] [ 50%] Built target frame_transforms
[11.412s] [ 57%] [32mBuilding CXX object CMakeFiles/offboard_control1.dir/src/examples/offboard/offboard_control1.cpp.o[0m
[13.041s] [ 64%] [32m[1mLinking CXX executable vehicle_gps_position_listener[0m
[13.240s] [ 71%] [32m[1mLinking CXX executable sensor_combined_listener[0m
[13.619s] [ 71%] Built target vehicle_gps_position_listener
[13.643s] [ 78%] [32mBuilding CXX object CMakeFiles/offboard_control_srv.dir/src/examples/offboard/offboard_control_srv.cpp.o[0m
[13.946s] [ 78%] Built target sensor_combined_listener
[13.986s] [ 78%] Built target ament_cmake_python_copy_px4_ros_com
[14.499s] running egg_info
[14.503s] creating px4_ros_com.egg-info
[14.503s] writing px4_ros_com.egg-info/PKG-INFO
[14.503s] writing dependency_links to px4_ros_com.egg-info/dependency_links.txt
[14.503s] writing top-level names to px4_ros_com.egg-info/top_level.txt
[14.503s] writing manifest file 'px4_ros_com.egg-info/SOURCES.txt'
[14.506s] reading manifest file 'px4_ros_com.egg-info/SOURCES.txt'
[14.507s] writing manifest file 'px4_ros_com.egg-info/SOURCES.txt'
[14.546s] [ 78%] Built target ament_cmake_python_build_px4_ros_com_egg
[21.064s] [ 85%] [32m[1mLinking CXX executable offboard_control1[0m
[21.444s] [ 85%] Built target offboard_control1
[22.084s] [ 92%] [32m[1mLinking CXX executable offboard_control[0m
[22.664s] [ 92%] Built target offboard_control
[22.791s] [100%] [32m[1mLinking CXX executable offboard_control_srv[0m
[23.048s] [100%] Built target offboard_control_srv
[23.060s] Invoked command in '/home/artupays/drone_code_ws/src/px4_ros_com/build/px4_ros_com' returned '0': CMAKE_PREFIX_PATH=${CMAKE_PREFIX_PATH}:/opt/ros/humble /usr/bin/cmake --build /home/artupays/drone_code_ws/src/px4_ros_com/build/px4_ros_com -- -j4 -l4
[23.072s] Invoking command in '/home/artupays/drone_code_ws/src/px4_ros_com/build/px4_ros_com': CMAKE_PREFIX_PATH=${CMAKE_PREFIX_PATH}:/opt/ros/humble /usr/bin/cmake --install /home/artupays/drone_code_ws/src/px4_ros_com/build/px4_ros_com
[23.080s] -- Install configuration: ""
[23.080s] -- Installing: /home/artupays/drone_code_ws/src/px4_ros_com/install/px4_ros_com/lib/px4_ros_com/sensor_combined_listener
[23.084s] -- Set runtime path of "/home/artupays/drone_code_ws/src/px4_ros_com/install/px4_ros_com/lib/px4_ros_com/sensor_combined_listener" to ""
[23.084s] -- Installing: /home/artupays/drone_code_ws/src/px4_ros_com/install/px4_ros_com/lib/px4_ros_com/vehicle_gps_position_listener
[23.088s] -- Set runtime path of "/home/artupays/drone_code_ws/src/px4_ros_com/install/px4_ros_com/lib/px4_ros_com/vehicle_gps_position_listener" to ""
[23.088s] -- Installing: /home/artupays/drone_code_ws/src/px4_ros_com/install/px4_ros_com/lib/px4_ros_com/debug_vect_advertiser
[23.090s] -- Set runtime path of "/home/artupays/drone_code_ws/src/px4_ros_com/install/px4_ros_com/lib/px4_ros_com/debug_vect_advertiser" to ""
[23.091s] -- Installing: /home/artupays/drone_code_ws/src/px4_ros_com/install/px4_ros_com/lib/px4_ros_com/offboard_control
[23.093s] -- Set runtime path of "/home/artupays/drone_code_ws/src/px4_ros_com/install/px4_ros_com/lib/px4_ros_com/offboard_control" to ""
[23.093s] -- Installing: /home/artupays/drone_code_ws/src/px4_ros_com/install/px4_ros_com/lib/px4_ros_com/offboard_control1
[23.095s] -- Set runtime path of "/home/artupays/drone_code_ws/src/px4_ros_com/install/px4_ros_com/lib/px4_ros_com/offboard_control1" to ""
[23.095s] -- Installing: /home/artupays/drone_code_ws/src/px4_ros_com/install/px4_ros_com/lib/px4_ros_com/offboard_control_srv
[23.096s] -- Set runtime path of "/home/artupays/drone_code_ws/src/px4_ros_com/install/px4_ros_com/lib/px4_ros_com/offboard_control_srv" to ""
[23.097s] -- Installing: /home/artupays/drone_code_ws/src/px4_ros_com/install/px4_ros_com/share/px4_ros_com/environment/library_path.sh
[23.097s] -- Installing: /home/artupays/drone_code_ws/src/px4_ros_com/install/px4_ros_com/share/px4_ros_com/environment/library_path.dsv
[23.097s] -- Installing: /home/artupays/drone_code_ws/src/px4_ros_com/install/px4_ros_com/include/px4_ros_com
[23.097s] -- Installing: /home/artupays/drone_code_ws/src/px4_ros_com/install/px4_ros_com/include/px4_ros_com/frame_transforms.h
[23.098s] -- Installing: /home/artupays/drone_code_ws/src/px4_ros_com/install/px4_ros_com/lib/libframe_transforms.so
[23.103s] -- Set runtime path of "/home/artupays/drone_code_ws/src/px4_ros_com/install/px4_ros_com/lib/libframe_transforms.so" to ""
[23.103s] -- Installing: /home/artupays/drone_code_ws/src/px4_ros_com/install/px4_ros_com/share/px4_ros_com//launch
[23.105s] -- Installing: /home/artupays/drone_code_ws/src/px4_ros_com/install/px4_ros_com/share/px4_ros_com//launch/sensor_combined_listener.launch.py
[23.105s] -- Installing: /home/artupays/drone_code_ws/src/px4_ros_com/install/px4_ros_com/share/px4_ros_com//launch/offboard_control_launch.yaml
[23.105s] -- Installing: /home/artupays/drone_code_ws/src/px4_ros_com/install/px4_ros_com/share/px4_ros_com//test
[23.105s] -- Installing: /home/artupays/drone_code_ws/src/px4_ros_com/install/px4_ros_com/share/px4_ros_com//test/test_output.py
[23.105s] -- Installing: /home/artupays/drone_code_ws/src/px4_ros_com/install/px4_ros_com/share/px4_ros_com//test/test_input.py
[23.105s] -- Installing: /home/artupays/drone_code_ws/src/px4_ros_com/install/px4_ros_com/share/px4_ros_com//test/__init__.py
[23.106s] -- Installing: /home/artupays/drone_code_ws/src/px4_ros_com/install/px4_ros_com/share/px4_ros_com//test/pipeline_io_test.py
[23.106s] -- Installing: /home/artupays/drone_code_ws/src/px4_ros_com/install/px4_ros_com/share/px4_ros_com/environment/pythonpath.sh
[23.106s] -- Installing: /home/artupays/drone_code_ws/src/px4_ros_com/install/px4_ros_com/share/px4_ros_com/environment/pythonpath.dsv
[23.107s] -- Installing: /home/artupays/drone_code_ws/src/px4_ros_com/install/px4_ros_com/local/lib/python3.10/dist-packages/px4_ros_com-0.1.0-py3.10.egg-info
[23.107s] -- Installing: /home/artupays/drone_code_ws/src/px4_ros_com/install/px4_ros_com/local/lib/python3.10/dist-packages/px4_ros_com-0.1.0-py3.10.egg-info/top_level.txt
[23.108s] -- Installing: /home/artupays/drone_code_ws/src/px4_ros_com/install/px4_ros_com/local/lib/python3.10/dist-packages/px4_ros_com-0.1.0-py3.10.egg-info/SOURCES.txt
[23.108s] -- Installing: /home/artupays/drone_code_ws/src/px4_ros_com/install/px4_ros_com/local/lib/python3.10/dist-packages/px4_ros_com-0.1.0-py3.10.egg-info/PKG-INFO
[23.108s] -- Installing: /home/artupays/drone_code_ws/src/px4_ros_com/install/px4_ros_com/local/lib/python3.10/dist-packages/px4_ros_com-0.1.0-py3.10.egg-info/dependency_links.txt
[23.108s] -- Installing: /home/artupays/drone_code_ws/src/px4_ros_com/install/px4_ros_com/local/lib/python3.10/dist-packages/px4_ros_com
[23.109s] -- Installing: /home/artupays/drone_code_ws/src/px4_ros_com/install/px4_ros_com/local/lib/python3.10/dist-packages/px4_ros_com/__init__.py
[23.110s] -- Installing: /home/artupays/drone_code_ws/src/px4_ros_com/install/px4_ros_com/local/lib/python3.10/dist-packages/px4_ros_com/module_to_import.py
[23.157s] Listing '/home/artupays/drone_code_ws/src/px4_ros_com/install/px4_ros_com/local/lib/python3.10/dist-packages/px4_ros_com'...
[23.157s] Compiling '/home/artupays/drone_code_ws/src/px4_ros_com/install/px4_ros_com/local/lib/python3.10/dist-packages/px4_ros_com/__init__.py'...
[23.157s] Compiling '/home/artupays/drone_code_ws/src/px4_ros_com/install/px4_ros_com/local/lib/python3.10/dist-packages/px4_ros_com/module_to_import.py'...
[23.164s] -- Installing: /home/artupays/drone_code_ws/src/px4_ros_com/install/px4_ros_com/lib/px4_ros_com/offboard_control.py
[23.164s] -- Installing: /home/artupays/drone_code_ws/src/px4_ros_com/install/px4_ros_com/lib/px4_ros_com/offboard_test.py
[23.164s] -- Installing: /home/artupays/drone_code_ws/src/px4_ros_com/install/px4_ros_com/lib/px4_ros_com/tes_manuver2.py
[23.164s] -- Installing: /home/artupays/drone_code_ws/src/px4_ros_com/install/px4_ros_com/lib/px4_ros_com/tes_manuver3.py
[23.165s] -- Installing: /home/artupays/drone_code_ws/src/px4_ros_com/install/px4_ros_com/share/ament_index/resource_index/package_run_dependencies/px4_ros_com
[23.165s] -- Installing: /home/artupays/drone_code_ws/src/px4_ros_com/install/px4_ros_com/share/ament_index/resource_index/parent_prefix_path/px4_ros_com
[23.166s] -- Installing: /home/artupays/drone_code_ws/src/px4_ros_com/install/px4_ros_com/share/px4_ros_com/environment/ament_prefix_path.sh
[23.167s] -- Installing: /home/artupays/drone_code_ws/src/px4_ros_com/install/px4_ros_com/share/px4_ros_com/environment/ament_prefix_path.dsv
[23.167s] -- Installing: /home/artupays/drone_code_ws/src/px4_ros_com/install/px4_ros_com/share/px4_ros_com/environment/path.sh
[23.167s] -- Installing: /home/artupays/drone_code_ws/src/px4_ros_com/install/px4_ros_com/share/px4_ros_com/environment/path.dsv
[23.168s] -- Installing: /home/artupays/drone_code_ws/src/px4_ros_com/install/px4_ros_com/share/px4_ros_com/local_setup.bash
[23.168s] -- Installing: /home/artupays/drone_code_ws/src/px4_ros_com/install/px4_ros_com/share/px4_ros_com/local_setup.sh
[23.168s] -- Installing: /home/artupays/drone_code_ws/src/px4_ros_com/install/px4_ros_com/share/px4_ros_com/local_setup.zsh
[23.168s] -- Installing: /home/artupays/drone_code_ws/src/px4_ros_com/install/px4_ros_com/share/px4_ros_com/local_setup.dsv
[23.168s] -- Installing: /home/artupays/drone_code_ws/src/px4_ros_com/install/px4_ros_com/share/px4_ros_com/package.dsv
[23.169s] -- Installing: /home/artupays/drone_code_ws/src/px4_ros_com/install/px4_ros_com/share/ament_index/resource_index/packages/px4_ros_com
[23.169s] -- Installing: /home/artupays/drone_code_ws/src/px4_ros_com/install/px4_ros_com/share/px4_ros_com/cmake/export_frame_transformsExport.cmake
[23.169s] -- Installing: /home/artupays/drone_code_ws/src/px4_ros_com/install/px4_ros_com/share/px4_ros_com/cmake/export_frame_transformsExport-noconfig.cmake
[23.169s] -- Installing: /home/artupays/drone_code_ws/src/px4_ros_com/install/px4_ros_com/share/px4_ros_com/cmake/ament_cmake_export_dependencies-extras.cmake
[23.170s] -- Installing: /home/artupays/drone_code_ws/src/px4_ros_com/install/px4_ros_com/share/px4_ros_com/cmake/ament_cmake_export_targets-extras.cmake
[23.172s] -- Installing: /home/artupays/drone_code_ws/src/px4_ros_com/install/px4_ros_com/share/px4_ros_com/cmake/ament_cmake_export_include_directories-extras.cmake
[23.172s] -- Installing: /home/artupays/drone_code_ws/src/px4_ros_com/install/px4_ros_com/share/px4_ros_com/cmake/ament_cmake_export_libraries-extras.cmake
[23.172s] -- Installing: /home/artupays/drone_code_ws/src/px4_ros_com/install/px4_ros_com/share/px4_ros_com/cmake/px4_ros_comConfig.cmake
[23.172s] -- Installing: /home/artupays/drone_code_ws/src/px4_ros_com/install/px4_ros_com/share/px4_ros_com/cmake/px4_ros_comConfig-version.cmake
[23.172s] -- Installing: /home/artupays/drone_code_ws/src/px4_ros_com/install/px4_ros_com/share/px4_ros_com/package.xml
[23.175s] Invoked command in '/home/artupays/drone_code_ws/src/px4_ros_com/build/px4_ros_com' returned '0': CMAKE_PREFIX_PATH=${CMAKE_PREFIX_PATH}:/opt/ros/humble /usr/bin/cmake --install /home/artupays/drone_code_ws/src/px4_ros_com/build/px4_ros_com
