[0.138s] DEBUG:colcon:Command line arguments: ['/usr/bin/colcon', 'build']
[0.138s] DEBUG:colcon:Parsed command line arguments: Namespace(log_base=None, log_level=None, verb_name='build', build_base='build', install_base='install', merge_install=False, symlink_install=False, test_result_base=None, continue_on_error=False, executor='parallel', parallel_workers=4, event_handlers=None, ignore_user_meta=False, metas=['./colcon.meta'], base_paths=['.'], packages_ignore=None, packages_ignore_regex=None, paths=None, packages_up_to=None, packages_up_to_regex=None, packages_above=None, packages_above_and_dependencies=None, packages_above_depth=None, packages_select_by_dep=None, packages_skip_by_dep=None, packages_skip_up_to=None, packages_select_build_failed=False, packages_skip_build_finished=False, packages_select_test_failures=False, packages_skip_test_passed=False, packages_select=None, packages_skip=None, packages_select_regex=None, packages_skip_regex=None, packages_start=None, packages_end=None, allow_overriding=[], cmake_args=None, cmake_target=None, cmake_target_skip_unavailable=False, cmake_clean_cache=False, cmake_clean_first=False, cmake_force_configure=False, ament_cmake_args=None, catkin_cmake_args=None, catkin_skip_building_tests=False, verb_parser=<colcon_defaults.argument_parser.defaults.DefaultArgumentsDecorator object at 0x7a8a77d55240>, verb_extension=<colcon_core.verb.build.BuildVerb object at 0x7a8a77d54400>, main=<bound method BuildVerb.main of <colcon_core.verb.build.BuildVerb object at 0x7a8a77d54400>>)
[0.417s] Level 1:colcon.colcon_core.package_discovery:discover_packages(colcon_meta) check parameters
[0.417s] Level 1:colcon.colcon_core.package_discovery:discover_packages(recursive) check parameters
[0.417s] Level 1:colcon.colcon_core.package_discovery:discover_packages(ignore) check parameters
[0.417s] Level 1:colcon.colcon_core.package_discovery:discover_packages(path) check parameters
[0.417s] Level 1:colcon.colcon_core.package_discovery:discover_packages(colcon_meta) discover
[0.417s] Level 1:colcon.colcon_core.package_discovery:discover_packages(recursive) discover
[0.417s] INFO:colcon.colcon_core.package_discovery:Crawling recursively for packages in '/home/artupays/drone_code_ws/src/px4_ros_com'
[0.418s] Level 1:colcon.colcon_core.package_identification:_identify(.) by extensions ['ignore', 'ignore_ament_install']
[0.418s] Level 1:colcon.colcon_core.package_identification:_identify(.) by extension 'ignore'
[0.418s] Level 1:colcon.colcon_core.package_identification:_identify(.) by extension 'ignore_ament_install'
[0.418s] Level 1:colcon.colcon_core.package_identification:_identify(.) by extensions ['colcon_pkg']
[0.418s] Level 1:colcon.colcon_core.package_identification:_identify(.) by extension 'colcon_pkg'
[0.418s] Level 1:colcon.colcon_core.package_identification:_identify(.) by extensions ['colcon_meta']
[0.418s] Level 1:colcon.colcon_core.package_identification:_identify(.) by extension 'colcon_meta'
[0.418s] Level 1:colcon.colcon_core.package_identification:_identify(.) by extensions ['ros']
[0.418s] Level 1:colcon.colcon_core.package_identification:_identify(.) by extension 'ros'
[0.443s] DEBUG:colcon.colcon_core.package_identification:Package '.' with type 'ros.ament_cmake' and name 'px4_ros_com'
[0.443s] Level 1:colcon.colcon_core.package_discovery:discover_packages(recursive) using defaults
[0.443s] Level 1:colcon.colcon_core.package_discovery:discover_packages(ignore) discover
[0.443s] Level 1:colcon.colcon_core.package_discovery:discover_packages(ignore) using defaults
[0.443s] Level 1:colcon.colcon_core.package_discovery:discover_packages(path) discover
[0.444s] Level 1:colcon.colcon_core.package_discovery:discover_packages(path) using defaults
[0.495s] Level 1:colcon.colcon_core.package_discovery:discover_packages(prefix_path) check parameters
[0.495s] Level 1:colcon.colcon_core.package_discovery:discover_packages(prefix_path) discover
[0.499s] DEBUG:colcon.colcon_installed_package_information.package_discovery:Found 2 installed packages in /home/artupays/drone_code_ws/install
[0.501s] DEBUG:colcon.colcon_installed_package_information.package_discovery:Found 286 installed packages in /opt/ros/humble
[0.502s] Level 1:colcon.colcon_core.package_discovery:discover_packages(prefix_path) using defaults
[0.566s] Level 5:colcon.colcon_core.verb:set package 'px4_ros_com' build argument 'cmake_args' from command line to 'None'
[0.566s] Level 5:colcon.colcon_core.verb:set package 'px4_ros_com' build argument 'cmake_target' from command line to 'None'
[0.566s] Level 5:colcon.colcon_core.verb:set package 'px4_ros_com' build argument 'cmake_target_skip_unavailable' from command line to 'False'
[0.566s] Level 5:colcon.colcon_core.verb:set package 'px4_ros_com' build argument 'cmake_clean_cache' from command line to 'False'
[0.566s] Level 5:colcon.colcon_core.verb:set package 'px4_ros_com' build argument 'cmake_clean_first' from command line to 'False'
[0.566s] Level 5:colcon.colcon_core.verb:set package 'px4_ros_com' build argument 'cmake_force_configure' from command line to 'False'
[0.566s] Level 5:colcon.colcon_core.verb:set package 'px4_ros_com' build argument 'ament_cmake_args' from command line to 'None'
[0.566s] Level 5:colcon.colcon_core.verb:set package 'px4_ros_com' build argument 'catkin_cmake_args' from command line to 'None'
[0.566s] Level 5:colcon.colcon_core.verb:set package 'px4_ros_com' build argument 'catkin_skip_building_tests' from command line to 'False'
[0.566s] DEBUG:colcon.colcon_core.verb:Building package 'px4_ros_com' with the following arguments: {'ament_cmake_args': None, 'build_base': '/home/artupays/drone_code_ws/src/px4_ros_com/build/px4_ros_com', 'catkin_cmake_args': None, 'catkin_skip_building_tests': False, 'cmake_args': None, 'cmake_clean_cache': False, 'cmake_clean_first': False, 'cmake_force_configure': False, 'cmake_target': None, 'cmake_target_skip_unavailable': False, 'install_base': '/home/artupays/drone_code_ws/src/px4_ros_com/install/px4_ros_com', 'merge_install': False, 'path': '/home/artupays/drone_code_ws/src/px4_ros_com', 'symlink_install': False, 'test_result_base': None}
[0.566s] INFO:colcon.colcon_core.executor:Executing jobs using 'parallel' executor
[0.567s] DEBUG:colcon.colcon_parallel_executor.executor.parallel:run_until_complete
[0.567s] INFO:colcon.colcon_ros.task.ament_cmake.build:Building ROS package in '/home/artupays/drone_code_ws/src/px4_ros_com' with build type 'ament_cmake'
[0.568s] INFO:colcon.colcon_cmake.task.cmake.build:Building CMake package in '/home/artupays/drone_code_ws/src/px4_ros_com'
[0.570s] INFO:colcon.colcon_core.plugin_system:Skipping extension 'colcon_core.shell.bat': Not used on non-Windows systems
[0.570s] INFO:colcon.colcon_core.shell:Skip shell extension 'powershell' for command environment: Not usable outside of PowerShell
[0.570s] DEBUG:colcon.colcon_core.shell:Skip shell extension 'dsv' for command environment
[0.576s] DEBUG:colcon.colcon_core.event_handler.log_command:Invoking command in '/home/artupays/drone_code_ws/src/px4_ros_com/build/px4_ros_com': CMAKE_PREFIX_PATH=${CMAKE_PREFIX_PATH}:/opt/ros/humble /usr/bin/cmake /home/artupays/drone_code_ws/src/px4_ros_com -DCMAKE_INSTALL_PREFIX=/home/artupays/drone_code_ws/src/px4_ros_com/install/px4_ros_com
[2.754s] DEBUG:colcon.colcon_core.event_handler.log_command:Invoked command in '/home/artupays/drone_code_ws/src/px4_ros_com/build/px4_ros_com' returned '0': CMAKE_PREFIX_PATH=${CMAKE_PREFIX_PATH}:/opt/ros/humble /usr/bin/cmake /home/artupays/drone_code_ws/src/px4_ros_com -DCMAKE_INSTALL_PREFIX=/home/artupays/drone_code_ws/src/px4_ros_com/install/px4_ros_com
[2.757s] DEBUG:colcon.colcon_core.event_handler.log_command:Invoking command in '/home/artupays/drone_code_ws/src/px4_ros_com/build/px4_ros_com': CMAKE_PREFIX_PATH=${CMAKE_PREFIX_PATH}:/opt/ros/humble /usr/bin/cmake --build /home/artupays/drone_code_ws/src/px4_ros_com/build/px4_ros_com -- -j4 -l4
[45.966s] DEBUG:colcon.colcon_core.event_handler.log_command:Invoked command in '/home/artupays/drone_code_ws/src/px4_ros_com/build/px4_ros_com' returned '0': CMAKE_PREFIX_PATH=${CMAKE_PREFIX_PATH}:/opt/ros/humble /usr/bin/cmake --build /home/artupays/drone_code_ws/src/px4_ros_com/build/px4_ros_com -- -j4 -l4
[45.977s] DEBUG:colcon.colcon_core.event_handler.log_command:Invoking command in '/home/artupays/drone_code_ws/src/px4_ros_com/build/px4_ros_com': CMAKE_PREFIX_PATH=${CMAKE_PREFIX_PATH}:/opt/ros/humble /usr/bin/cmake --install /home/artupays/drone_code_ws/src/px4_ros_com/build/px4_ros_com
[46.062s] Level 1:colcon.colcon_core.environment:create_environment_scripts_only(px4_ros_com)
[46.063s] DEBUG:colcon.colcon_core.event_handler.log_command:Invoked command in '/home/artupays/drone_code_ws/src/px4_ros_com/build/px4_ros_com' returned '0': CMAKE_PREFIX_PATH=${CMAKE_PREFIX_PATH}:/opt/ros/humble /usr/bin/cmake --install /home/artupays/drone_code_ws/src/px4_ros_com/build/px4_ros_com
[46.068s] Level 1:colcon.colcon_core.environment:checking '/home/artupays/drone_code_ws/src/px4_ros_com/install/px4_ros_com' for CMake module files
[46.069s] Level 1:colcon.colcon_core.environment:checking '/home/artupays/drone_code_ws/src/px4_ros_com/install/px4_ros_com' for CMake config files
[46.070s] Level 1:colcon.colcon_core.shell:create_environment_hook('px4_ros_com', 'cmake_prefix_path')
[46.070s] INFO:colcon.colcon_core.shell:Creating environment hook '/home/artupays/drone_code_ws/src/px4_ros_com/install/px4_ros_com/share/px4_ros_com/hook/cmake_prefix_path.ps1'
[46.071s] INFO:colcon.colcon_core.shell:Creating environment descriptor '/home/artupays/drone_code_ws/src/px4_ros_com/install/px4_ros_com/share/px4_ros_com/hook/cmake_prefix_path.dsv'
[46.072s] INFO:colcon.colcon_core.shell:Creating environment hook '/home/artupays/drone_code_ws/src/px4_ros_com/install/px4_ros_com/share/px4_ros_com/hook/cmake_prefix_path.sh'
[46.073s] Level 1:colcon.colcon_core.environment:checking '/home/artupays/drone_code_ws/src/px4_ros_com/install/px4_ros_com/lib'
[46.073s] Level 1:colcon.colcon_core.shell:create_environment_hook('px4_ros_com', 'ld_library_path_lib')
[46.073s] INFO:colcon.colcon_core.shell:Creating environment hook '/home/artupays/drone_code_ws/src/px4_ros_com/install/px4_ros_com/share/px4_ros_com/hook/ld_library_path_lib.ps1'
[46.074s] INFO:colcon.colcon_core.shell:Creating environment descriptor '/home/artupays/drone_code_ws/src/px4_ros_com/install/px4_ros_com/share/px4_ros_com/hook/ld_library_path_lib.dsv'
[46.074s] INFO:colcon.colcon_core.shell:Creating environment hook '/home/artupays/drone_code_ws/src/px4_ros_com/install/px4_ros_com/share/px4_ros_com/hook/ld_library_path_lib.sh'
[46.074s] Level 1:colcon.colcon_core.environment:checking '/home/artupays/drone_code_ws/src/px4_ros_com/install/px4_ros_com/bin'
[46.074s] Level 1:colcon.colcon_core.environment:checking '/home/artupays/drone_code_ws/src/px4_ros_com/install/px4_ros_com/lib/pkgconfig/px4_ros_com.pc'
[46.075s] Level 1:colcon.colcon_core.environment:checking '/home/artupays/drone_code_ws/src/px4_ros_com/install/px4_ros_com/lib/python3.10/site-packages'
[46.075s] Level 1:colcon.colcon_core.environment:checking '/home/artupays/drone_code_ws/src/px4_ros_com/install/px4_ros_com/bin'
[46.075s] INFO:colcon.colcon_core.shell:Creating package script '/home/artupays/drone_code_ws/src/px4_ros_com/install/px4_ros_com/share/px4_ros_com/package.ps1'
[46.076s] INFO:colcon.colcon_core.shell:Creating package descriptor '/home/artupays/drone_code_ws/src/px4_ros_com/install/px4_ros_com/share/px4_ros_com/package.dsv'
[46.076s] INFO:colcon.colcon_core.shell:Creating package script '/home/artupays/drone_code_ws/src/px4_ros_com/install/px4_ros_com/share/px4_ros_com/package.sh'
[46.077s] INFO:colcon.colcon_core.shell:Creating package script '/home/artupays/drone_code_ws/src/px4_ros_com/install/px4_ros_com/share/px4_ros_com/package.bash'
[46.078s] INFO:colcon.colcon_core.shell:Creating package script '/home/artupays/drone_code_ws/src/px4_ros_com/install/px4_ros_com/share/px4_ros_com/package.zsh'
[46.079s] Level 1:colcon.colcon_core.environment:create_file_with_runtime_dependencies(/home/artupays/drone_code_ws/src/px4_ros_com/install/px4_ros_com/share/colcon-core/packages/px4_ros_com)
[46.079s] Level 1:colcon.colcon_core.environment:create_environment_scripts_only(px4_ros_com)
[46.080s] Level 1:colcon.colcon_core.environment:checking '/home/artupays/drone_code_ws/src/px4_ros_com/install/px4_ros_com' for CMake module files
[46.080s] Level 1:colcon.colcon_core.environment:checking '/home/artupays/drone_code_ws/src/px4_ros_com/install/px4_ros_com' for CMake config files
[46.080s] Level 1:colcon.colcon_core.shell:create_environment_hook('px4_ros_com', 'cmake_prefix_path')
[46.080s] INFO:colcon.colcon_core.shell:Creating environment hook '/home/artupays/drone_code_ws/src/px4_ros_com/install/px4_ros_com/share/px4_ros_com/hook/cmake_prefix_path.ps1'
[46.081s] INFO:colcon.colcon_core.shell:Creating environment descriptor '/home/artupays/drone_code_ws/src/px4_ros_com/install/px4_ros_com/share/px4_ros_com/hook/cmake_prefix_path.dsv'
[46.081s] INFO:colcon.colcon_core.shell:Creating environment hook '/home/artupays/drone_code_ws/src/px4_ros_com/install/px4_ros_com/share/px4_ros_com/hook/cmake_prefix_path.sh'
[46.081s] Level 1:colcon.colcon_core.environment:checking '/home/artupays/drone_code_ws/src/px4_ros_com/install/px4_ros_com/lib'
[46.081s] Level 1:colcon.colcon_core.shell:create_environment_hook('px4_ros_com', 'ld_library_path_lib')
[46.082s] INFO:colcon.colcon_core.shell:Creating environment hook '/home/artupays/drone_code_ws/src/px4_ros_com/install/px4_ros_com/share/px4_ros_com/hook/ld_library_path_lib.ps1'
[46.082s] INFO:colcon.colcon_core.shell:Creating environment descriptor '/home/artupays/drone_code_ws/src/px4_ros_com/install/px4_ros_com/share/px4_ros_com/hook/ld_library_path_lib.dsv'
[46.082s] INFO:colcon.colcon_core.shell:Creating environment hook '/home/artupays/drone_code_ws/src/px4_ros_com/install/px4_ros_com/share/px4_ros_com/hook/ld_library_path_lib.sh'
[46.082s] Level 1:colcon.colcon_core.environment:checking '/home/artupays/drone_code_ws/src/px4_ros_com/install/px4_ros_com/bin'
[46.082s] Level 1:colcon.colcon_core.environment:checking '/home/artupays/drone_code_ws/src/px4_ros_com/install/px4_ros_com/lib/pkgconfig/px4_ros_com.pc'
[46.082s] Level 1:colcon.colcon_core.environment:checking '/home/artupays/drone_code_ws/src/px4_ros_com/install/px4_ros_com/lib/python3.10/site-packages'
[46.083s] Level 1:colcon.colcon_core.environment:checking '/home/artupays/drone_code_ws/src/px4_ros_com/install/px4_ros_com/bin'
[46.083s] INFO:colcon.colcon_core.shell:Creating package script '/home/artupays/drone_code_ws/src/px4_ros_com/install/px4_ros_com/share/px4_ros_com/package.ps1'
[46.083s] INFO:colcon.colcon_core.shell:Creating package descriptor '/home/artupays/drone_code_ws/src/px4_ros_com/install/px4_ros_com/share/px4_ros_com/package.dsv'
[46.084s] INFO:colcon.colcon_core.shell:Creating package script '/home/artupays/drone_code_ws/src/px4_ros_com/install/px4_ros_com/share/px4_ros_com/package.sh'
[46.084s] INFO:colcon.colcon_core.shell:Creating package script '/home/artupays/drone_code_ws/src/px4_ros_com/install/px4_ros_com/share/px4_ros_com/package.bash'
[46.085s] INFO:colcon.colcon_core.shell:Creating package script '/home/artupays/drone_code_ws/src/px4_ros_com/install/px4_ros_com/share/px4_ros_com/package.zsh'
[46.085s] Level 1:colcon.colcon_core.environment:create_file_with_runtime_dependencies(/home/artupays/drone_code_ws/src/px4_ros_com/install/px4_ros_com/share/colcon-core/packages/px4_ros_com)
[46.085s] DEBUG:colcon.colcon_parallel_executor.executor.parallel:closing loop
[46.086s] DEBUG:colcon.colcon_parallel_executor.executor.parallel:loop closed
[46.086s] DEBUG:colcon.colcon_parallel_executor.executor.parallel:run_until_complete finished with '0'
[46.086s] DEBUG:colcon.colcon_core.event_reactor:joining thread
[46.100s] INFO:colcon.colcon_core.plugin_system:Skipping extension 'colcon_notification.desktop_notification.terminal_notifier': Not used on non-Darwin systems
[46.101s] INFO:colcon.colcon_core.plugin_system:Skipping extension 'colcon_notification.desktop_notification.win32': Not used on non-Windows systems
[46.101s] INFO:colcon.colcon_notification.desktop_notification:Sending desktop notification using 'notify2'
[46.127s] DEBUG:colcon.colcon_core.event_reactor:joined thread
[46.128s] INFO:colcon.colcon_core.shell:Creating prefix script '/home/artupays/drone_code_ws/src/px4_ros_com/install/local_setup.ps1'
[46.129s] INFO:colcon.colcon_core.shell:Creating prefix util module '/home/artupays/drone_code_ws/src/px4_ros_com/install/_local_setup_util_ps1.py'
[46.130s] INFO:colcon.colcon_core.shell:Creating prefix chain script '/home/artupays/drone_code_ws/src/px4_ros_com/install/setup.ps1'
[46.133s] INFO:colcon.colcon_core.shell:Creating prefix script '/home/artupays/drone_code_ws/src/px4_ros_com/install/local_setup.sh'
[46.133s] INFO:colcon.colcon_core.shell:Creating prefix util module '/home/artupays/drone_code_ws/src/px4_ros_com/install/_local_setup_util_sh.py'
[46.134s] INFO:colcon.colcon_core.shell:Creating prefix chain script '/home/artupays/drone_code_ws/src/px4_ros_com/install/setup.sh'
[46.135s] INFO:colcon.colcon_core.shell:Creating prefix script '/home/artupays/drone_code_ws/src/px4_ros_com/install/local_setup.bash'
[46.136s] INFO:colcon.colcon_core.shell:Creating prefix chain script '/home/artupays/drone_code_ws/src/px4_ros_com/install/setup.bash'
[46.137s] INFO:colcon.colcon_core.shell:Creating prefix script '/home/artupays/drone_code_ws/src/px4_ros_com/install/local_setup.zsh'
[46.137s] INFO:colcon.colcon_core.shell:Creating prefix chain script '/home/artupays/drone_code_ws/src/px4_ros_com/install/setup.zsh'
