[0.009s] Invoking command in '/home/artupays/drone_code_ws/src/px4_ros_com/build/px4_ros_com': CMAKE_PREFIX_PATH=${CMAKE_PREFIX_PATH}:/opt/ros/humble /usr/bin/cmake /home/artupays/drone_code_ws/src/px4_ros_com -DCMAKE_INSTALL_PREFIX=/home/artupays/drone_code_ws/src/px4_ros_com/install/px4_ros_com
[0.124s] -- The C compiler identification is GNU 11.4.0
[0.226s] -- The CXX compiler identification is GNU 11.4.0
[0.240s] -- Detecting C compiler ABI info
[0.324s] -- Detecting C compiler ABI info - done
[0.333s] -- Check for working C compiler: /usr/bin/cc - skipped
[0.334s] -- Detecting C compile features
[0.335s] -- Detecting C compile features - done
[0.342s] -- Detecting CXX compiler ABI info
[0.493s] -- Detecting CXX compiler ABI info - done
[0.501s] -- Check for working CXX compiler: /usr/bin/c++ - skipped
[0.501s] -- Detecting CXX compile features
[0.501s] -- Detecting CXX compile features - done
[0.511s] -- Found ament_cmake: 1.3.11 (/opt/ros/humble/share/ament_cmake/cmake)
[0.720s] -- Found Python3: /usr/bin/python3 (found version "3.10.12") found components: Interpreter 
[0.871s] -- Found builtin_interfaces: 1.2.1 (/opt/ros/humble/share/builtin_interfaces/cmake)
[0.940s] -- Found rosidl_generator_c: 3.1.6 (/opt/ros/humble/share/rosidl_generator_c/cmake)
[0.954s] -- Found rosidl_adapter: 3.1.6 (/opt/ros/humble/share/rosidl_adapter/cmake)
[0.970s] -- Found rosidl_generator_cpp: 3.1.6 (/opt/ros/humble/share/rosidl_generator_cpp/cmake)
[0.996s] -- Using all available rosidl_typesupport_c: rosidl_typesupport_fastrtps_c;rosidl_typesupport_introspection_c
[1.029s] -- Using all available rosidl_typesupport_cpp: rosidl_typesupport_fastrtps_cpp;rosidl_typesupport_introspection_cpp
[1.062s] -- Found eigen3_cmake_module: 0.1.1 (/opt/ros/humble/share/eigen3_cmake_module/cmake)
[1.080s] -- Found Eigen3: TRUE (found version "3.4.0") 
[1.083s] -- Found geometry_msgs: 4.8.0 (/opt/ros/humble/share/geometry_msgs/cmake)
[1.136s] -- Found px4_msgs: 2.0.1 (/home/artupays/drone_code_ws/install/px4_msgs/share/px4_msgs/cmake)
[1.161s] -- Found rclcpp: 16.0.12 (/opt/ros/humble/share/rclcpp/cmake)
[1.222s] -- Found rmw_implementation_cmake: 6.1.2 (/opt/ros/humble/share/rmw_implementation_cmake/cmake)
[1.227s] -- Found rmw_fastrtps_cpp: 6.2.7 (/opt/ros/humble/share/rmw_fastrtps_cpp/cmake)
[1.393s] -- Found OpenSSL: /usr/lib/x86_64-linux-gnu/libcrypto.so (found version "3.0.2")  
[1.449s] -- Found FastRTPS: /opt/ros/humble/include  
[1.519s] -- Using RMW implementation 'rmw_fastrtps_cpp' as default
[1.532s] -- Looking for pthread.h
[1.623s] -- Looking for pthread.h - found
[1.623s] -- Performing Test CMAKE_HAVE_LIBC_PTHREAD
[1.746s] -- Performing Test CMAKE_HAVE_LIBC_PTHREAD - Success
[1.748s] -- Found Threads: TRUE  
[1.807s] -- Found sensor_msgs: 4.8.0 (/opt/ros/humble/share/sensor_msgs/cmake)
[1.827s] -- Found rclpy: 3.3.16 (/opt/ros/humble/share/rclpy/cmake)
[1.841s] -- Found ament_lint_auto: 0.12.12 (/opt/ros/humble/share/ament_lint_auto/cmake)
[1.981s] -- Added test 'copyright' to check source files copyright and LICENSE
[2.016s] -- Added test 'cppcheck' to perform static code analysis on C / C++ code
[2.017s] -- Configured cppcheck include dirs: /home/artupays/drone_code_ws/src/px4_ros_com/include;$<BUILD_INTERFACE:/home/artupays/drone_code_ws/src/px4_ros_com/include/px4_ros_com>
[2.017s] -- Configured cppcheck exclude dirs and/or files: 
[2.057s] -- Added test 'cpplint' to check C / C++ code against the Google style
[2.057s] -- Configured cpplint exclude dirs and/or files: 
[2.063s] -- Added test 'flake8' to check Python code syntax and style conventions
[2.070s] -- Added test 'lint_cmake' to check CMake code style
[2.074s] -- Added test 'pep257' to check Python code against some of the docstring style conventions in PEP 257
[2.101s] -- Added test 'uncrustify' to check C / C++ code style
[2.101s] -- Configured uncrustify additional arguments: 
[2.105s] -- Added test 'xmllint' to check XML markup files
[2.107s] -- Configuring done
[2.150s] -- Generating done
[2.171s] -- Build files have been written to: /home/artupays/drone_code_ws/src/px4_ros_com/build/px4_ros_com
[2.186s] Invoked command in '/home/artupays/drone_code_ws/src/px4_ros_com/build/px4_ros_com' returned '0': CMAKE_PREFIX_PATH=${CMAKE_PREFIX_PATH}:/opt/ros/humble /usr/bin/cmake /home/artupays/drone_code_ws/src/px4_ros_com -DCMAKE_INSTALL_PREFIX=/home/artupays/drone_code_ws/src/px4_ros_com/install/px4_ros_com
[2.189s] Invoking command in '/home/artupays/drone_code_ws/src/px4_ros_com/build/px4_ros_com': CMAKE_PREFIX_PATH=${CMAKE_PREFIX_PATH}:/opt/ros/humble /usr/bin/cmake --build /home/artupays/drone_code_ws/src/px4_ros_com/build/px4_ros_com -- -j4 -l4
[2.265s] [  6%] [32mBuilding CXX object CMakeFiles/frame_transforms.dir/src/lib/frame_transforms.cpp.o[0m
[2.296s] [ 12%] [32mBuilding CXX object CMakeFiles/debug_vect_advertiser.dir/src/examples/advertisers/debug_vect_advertiser.cpp.o[0m
[2.299s] [ 18%] [32mBuilding CXX object CMakeFiles/vehicle_gps_position_listener.dir/src/examples/listeners/vehicle_gps_position_listener.cpp.o[0m
[2.303s] [ 25%] [32mBuilding CXX object CMakeFiles/sensor_combined_listener.dir/src/examples/listeners/sensor_combined_listener.cpp.o[0m
[11.885s] [ 31%] [32m[1mLinking CXX executable debug_vect_advertiser[0m
[12.616s] [ 31%] Built target debug_vect_advertiser
[12.700s] [ 37%] [32mBuilding CXX object CMakeFiles/offboard_control.dir/src/examples/offboard/offboard_control.cpp.o[0m
[20.867s] [ 43%] [32m[1mLinking CXX shared library libframe_transforms.so[0m
[21.530s] [ 43%] Built target frame_transforms
[21.868s] [ 50%] [32m[1mLinking CXX executable vehicle_gps_position_listener[0m
[21.984s] [ 56%] [32m[1mLinking CXX executable sensor_combined_listener[0m
[22.749s] [ 56%] Built target vehicle_gps_position_listener
[22.817s] [ 56%] Built target sensor_combined_listener
[26.863s] [ 62%] [32mBuilding CXX object CMakeFiles/coba_coba.dir/src/examples/offboard/coba_coba.cpp.o[0m
[27.880s] [ 68%] [32mBuilding CXX object CMakeFiles/offboard_control_srv.dir/src/examples/offboard/offboard_control_srv.cpp.o[0m
[28.913s] [ 75%] [32mBuilding CXX object CMakeFiles/offboard_control1.dir/src/examples/offboard/offboard_control1.cpp.o[0m
[28.956s] [ 81%] [32m[1mLinking CXX executable offboard_control[0m
[31.258s] [ 81%] Built target offboard_control
[38.126s] [ 87%] [32m[1mLinking CXX executable offboard_control_srv[0m
[38.573s] [ 87%] Built target offboard_control_srv
[42.738s] [ 93%] [32m[1mLinking CXX executable coba_coba[0m
[43.610s] [ 93%] Built target coba_coba
[43.903s] [100%] [32m[1mLinking CXX executable offboard_control1[0m
[44.651s] [100%] Built target offboard_control1
[44.726s] [100%] Built target ament_cmake_python_copy_px4_ros_com
[45.334s] running egg_info
[45.335s] creating px4_ros_com.egg-info
[45.335s] writing px4_ros_com.egg-info/PKG-INFO
[45.335s] writing dependency_links to px4_ros_com.egg-info/dependency_links.txt
[45.335s] writing top-level names to px4_ros_com.egg-info/top_level.txt
[45.336s] writing manifest file 'px4_ros_com.egg-info/SOURCES.txt'
[45.342s] reading manifest file 'px4_ros_com.egg-info/SOURCES.txt'
[45.342s] writing manifest file 'px4_ros_com.egg-info/SOURCES.txt'
[45.385s] [100%] Built target ament_cmake_python_build_px4_ros_com_egg
[45.398s] Invoked command in '/home/artupays/drone_code_ws/src/px4_ros_com/build/px4_ros_com' returned '0': CMAKE_PREFIX_PATH=${CMAKE_PREFIX_PATH}:/opt/ros/humble /usr/bin/cmake --build /home/artupays/drone_code_ws/src/px4_ros_com/build/px4_ros_com -- -j4 -l4
[45.409s] Invoking command in '/home/artupays/drone_code_ws/src/px4_ros_com/build/px4_ros_com': CMAKE_PREFIX_PATH=${CMAKE_PREFIX_PATH}:/opt/ros/humble /usr/bin/cmake --install /home/artupays/drone_code_ws/src/px4_ros_com/build/px4_ros_com
[45.417s] -- Install configuration: ""
[45.417s] -- Installing: /home/artupays/drone_code_ws/src/px4_ros_com/install/px4_ros_com/lib/px4_ros_com/sensor_combined_listener
[45.419s] -- Set runtime path of "/home/artupays/drone_code_ws/src/px4_ros_com/install/px4_ros_com/lib/px4_ros_com/sensor_combined_listener" to ""
[45.420s] -- Installing: /home/artupays/drone_code_ws/src/px4_ros_com/install/px4_ros_com/lib/px4_ros_com/vehicle_gps_position_listener
[45.424s] -- Set runtime path of "/home/artupays/drone_code_ws/src/px4_ros_com/install/px4_ros_com/lib/px4_ros_com/vehicle_gps_position_listener" to ""
[45.424s] -- Installing: /home/artupays/drone_code_ws/src/px4_ros_com/install/px4_ros_com/lib/px4_ros_com/debug_vect_advertiser
[45.424s] -- Set runtime path of "/home/artupays/drone_code_ws/src/px4_ros_com/install/px4_ros_com/lib/px4_ros_com/debug_vect_advertiser" to ""
[45.425s] -- Installing: /home/artupays/drone_code_ws/src/px4_ros_com/install/px4_ros_com/lib/px4_ros_com/offboard_control
[45.430s] -- Set runtime path of "/home/artupays/drone_code_ws/src/px4_ros_com/install/px4_ros_com/lib/px4_ros_com/offboard_control" to ""
[45.431s] -- Installing: /home/artupays/drone_code_ws/src/px4_ros_com/install/px4_ros_com/lib/px4_ros_com/offboard_control1
[45.435s] -- Set runtime path of "/home/artupays/drone_code_ws/src/px4_ros_com/install/px4_ros_com/lib/px4_ros_com/offboard_control1" to ""
[45.435s] -- Installing: /home/artupays/drone_code_ws/src/px4_ros_com/install/px4_ros_com/lib/px4_ros_com/offboard_control_srv
[45.435s] -- Set runtime path of "/home/artupays/drone_code_ws/src/px4_ros_com/install/px4_ros_com/lib/px4_ros_com/offboard_control_srv" to ""
[45.435s] -- Installing: /home/artupays/drone_code_ws/src/px4_ros_com/install/px4_ros_com/lib/px4_ros_com/coba_coba
[45.438s] -- Set runtime path of "/home/artupays/drone_code_ws/src/px4_ros_com/install/px4_ros_com/lib/px4_ros_com/coba_coba" to ""
[45.439s] -- Installing: /home/artupays/drone_code_ws/src/px4_ros_com/install/px4_ros_com/share/px4_ros_com/environment/library_path.sh
[45.439s] -- Installing: /home/artupays/drone_code_ws/src/px4_ros_com/install/px4_ros_com/share/px4_ros_com/environment/library_path.dsv
[45.440s] -- Installing: /home/artupays/drone_code_ws/src/px4_ros_com/install/px4_ros_com/include/px4_ros_com
[45.440s] -- Installing: /home/artupays/drone_code_ws/src/px4_ros_com/install/px4_ros_com/include/px4_ros_com/frame_transforms.h
[45.441s] -- Installing: /home/artupays/drone_code_ws/src/px4_ros_com/install/px4_ros_com/lib/libframe_transforms.so
[45.444s] -- Set runtime path of "/home/artupays/drone_code_ws/src/px4_ros_com/install/px4_ros_com/lib/libframe_transforms.so" to ""
[45.444s] -- Installing: /home/artupays/drone_code_ws/src/px4_ros_com/install/px4_ros_com/share/px4_ros_com//launch
[45.445s] -- Installing: /home/artupays/drone_code_ws/src/px4_ros_com/install/px4_ros_com/share/px4_ros_com//launch/sensor_combined_listener.launch.py
[45.445s] -- Installing: /home/artupays/drone_code_ws/src/px4_ros_com/install/px4_ros_com/share/px4_ros_com//launch/offboard_control_launch.yaml
[45.445s] -- Installing: /home/artupays/drone_code_ws/src/px4_ros_com/install/px4_ros_com/share/px4_ros_com//test
[45.446s] -- Installing: /home/artupays/drone_code_ws/src/px4_ros_com/install/px4_ros_com/share/px4_ros_com//test/test_output.py
[45.446s] -- Installing: /home/artupays/drone_code_ws/src/px4_ros_com/install/px4_ros_com/share/px4_ros_com//test/test_input.py
[45.447s] -- Installing: /home/artupays/drone_code_ws/src/px4_ros_com/install/px4_ros_com/share/px4_ros_com//test/__init__.py
[45.447s] -- Installing: /home/artupays/drone_code_ws/src/px4_ros_com/install/px4_ros_com/share/px4_ros_com//test/pipeline_io_test.py
[45.447s] -- Installing: /home/artupays/drone_code_ws/src/px4_ros_com/install/px4_ros_com/share/px4_ros_com/environment/pythonpath.sh
[45.447s] -- Installing: /home/artupays/drone_code_ws/src/px4_ros_com/install/px4_ros_com/share/px4_ros_com/environment/pythonpath.dsv
[45.448s] -- Installing: /home/artupays/drone_code_ws/src/px4_ros_com/install/px4_ros_com/local/lib/python3.10/dist-packages/px4_ros_com-0.1.0-py3.10.egg-info
[45.448s] -- Installing: /home/artupays/drone_code_ws/src/px4_ros_com/install/px4_ros_com/local/lib/python3.10/dist-packages/px4_ros_com-0.1.0-py3.10.egg-info/top_level.txt
[45.448s] -- Installing: /home/artupays/drone_code_ws/src/px4_ros_com/install/px4_ros_com/local/lib/python3.10/dist-packages/px4_ros_com-0.1.0-py3.10.egg-info/SOURCES.txt
[45.449s] -- Installing: /home/artupays/drone_code_ws/src/px4_ros_com/install/px4_ros_com/local/lib/python3.10/dist-packages/px4_ros_com-0.1.0-py3.10.egg-info/PKG-INFO
[45.449s] -- Installing: /home/artupays/drone_code_ws/src/px4_ros_com/install/px4_ros_com/local/lib/python3.10/dist-packages/px4_ros_com-0.1.0-py3.10.egg-info/dependency_links.txt
[45.449s] -- Installing: /home/artupays/drone_code_ws/src/px4_ros_com/install/px4_ros_com/local/lib/python3.10/dist-packages/px4_ros_com
[45.449s] -- Installing: /home/artupays/drone_code_ws/src/px4_ros_com/install/px4_ros_com/local/lib/python3.10/dist-packages/px4_ros_com/__init__.py
[45.449s] -- Installing: /home/artupays/drone_code_ws/src/px4_ros_com/install/px4_ros_com/local/lib/python3.10/dist-packages/px4_ros_com/module_to_import.py
[45.483s] Listing '/home/artupays/drone_code_ws/src/px4_ros_com/install/px4_ros_com/local/lib/python3.10/dist-packages/px4_ros_com'...
[45.483s] Compiling '/home/artupays/drone_code_ws/src/px4_ros_com/install/px4_ros_com/local/lib/python3.10/dist-packages/px4_ros_com/__init__.py'...
[45.483s] Compiling '/home/artupays/drone_code_ws/src/px4_ros_com/install/px4_ros_com/local/lib/python3.10/dist-packages/px4_ros_com/module_to_import.py'...
[45.487s] -- Installing: /home/artupays/drone_code_ws/src/px4_ros_com/install/px4_ros_com/lib/px4_ros_com/offboard_control.py
[45.487s] -- Installing: /home/artupays/drone_code_ws/src/px4_ros_com/install/px4_ros_com/lib/px4_ros_com/offboard_test.py
[45.488s] -- Installing: /home/artupays/drone_code_ws/src/px4_ros_com/install/px4_ros_com/lib/px4_ros_com/tes_manuver2.py
[45.488s] -- Installing: /home/artupays/drone_code_ws/src/px4_ros_com/install/px4_ros_com/lib/px4_ros_com/tes_manuver3.py
[45.489s] -- Installing: /home/artupays/drone_code_ws/src/px4_ros_com/install/px4_ros_com/share/ament_index/resource_index/package_run_dependencies/px4_ros_com
[45.489s] -- Installing: /home/artupays/drone_code_ws/src/px4_ros_com/install/px4_ros_com/share/ament_index/resource_index/parent_prefix_path/px4_ros_com
[45.490s] -- Installing: /home/artupays/drone_code_ws/src/px4_ros_com/install/px4_ros_com/share/px4_ros_com/environment/ament_prefix_path.sh
[45.490s] -- Installing: /home/artupays/drone_code_ws/src/px4_ros_com/install/px4_ros_com/share/px4_ros_com/environment/ament_prefix_path.dsv
[45.490s] -- Installing: /home/artupays/drone_code_ws/src/px4_ros_com/install/px4_ros_com/share/px4_ros_com/environment/path.sh
[45.490s] -- Installing: /home/artupays/drone_code_ws/src/px4_ros_com/install/px4_ros_com/share/px4_ros_com/environment/path.dsv
[45.491s] -- Installing: /home/artupays/drone_code_ws/src/px4_ros_com/install/px4_ros_com/share/px4_ros_com/local_setup.bash
[45.491s] -- Installing: /home/artupays/drone_code_ws/src/px4_ros_com/install/px4_ros_com/share/px4_ros_com/local_setup.sh
[45.491s] -- Installing: /home/artupays/drone_code_ws/src/px4_ros_com/install/px4_ros_com/share/px4_ros_com/local_setup.zsh
[45.491s] -- Installing: /home/artupays/drone_code_ws/src/px4_ros_com/install/px4_ros_com/share/px4_ros_com/local_setup.dsv
[45.491s] -- Installing: /home/artupays/drone_code_ws/src/px4_ros_com/install/px4_ros_com/share/px4_ros_com/package.dsv
[45.491s] -- Installing: /home/artupays/drone_code_ws/src/px4_ros_com/install/px4_ros_com/share/ament_index/resource_index/packages/px4_ros_com
[45.492s] -- Installing: /home/artupays/drone_code_ws/src/px4_ros_com/install/px4_ros_com/share/px4_ros_com/cmake/export_frame_transformsExport.cmake
[45.492s] -- Installing: /home/artupays/drone_code_ws/src/px4_ros_com/install/px4_ros_com/share/px4_ros_com/cmake/export_frame_transformsExport-noconfig.cmake
[45.492s] -- Installing: /home/artupays/drone_code_ws/src/px4_ros_com/install/px4_ros_com/share/px4_ros_com/cmake/ament_cmake_export_dependencies-extras.cmake
[45.492s] -- Installing: /home/artupays/drone_code_ws/src/px4_ros_com/install/px4_ros_com/share/px4_ros_com/cmake/ament_cmake_export_targets-extras.cmake
[45.492s] -- Installing: /home/artupays/drone_code_ws/src/px4_ros_com/install/px4_ros_com/share/px4_ros_com/cmake/ament_cmake_export_include_directories-extras.cmake
[45.492s] -- Installing: /home/artupays/drone_code_ws/src/px4_ros_com/install/px4_ros_com/share/px4_ros_com/cmake/ament_cmake_export_libraries-extras.cmake
[45.493s] -- Installing: /home/artupays/drone_code_ws/src/px4_ros_com/install/px4_ros_com/share/px4_ros_com/cmake/px4_ros_comConfig.cmake
[45.493s] -- Installing: /home/artupays/drone_code_ws/src/px4_ros_com/install/px4_ros_com/share/px4_ros_com/cmake/px4_ros_comConfig-version.cmake
[45.493s] -- Installing: /home/artupays/drone_code_ws/src/px4_ros_com/install/px4_ros_com/share/px4_ros_com/package.xml
[45.495s] Invoked command in '/home/artupays/drone_code_ws/src/px4_ros_com/build/px4_ros_com' returned '0': CMAKE_PREFIX_PATH=${CMAKE_PREFIX_PATH}:/opt/ros/humble /usr/bin/cmake --install /home/artupays/drone_code_ws/src/px4_ros_com/build/px4_ros_com
