[0.008s] Invoking command in '/home/ubuntu/ws_offboard_control/src/px4_ros_com/build/px4_ros_com': CMAKE_PREFIX_PATH=/opt/ros/humble /usr/bin/cmake /home/ubuntu/ws_offboard_control/src/px4_ros_com -DCMAKE_INSTALL_PREFIX=/home/ubuntu/ws_offboard_control/src/px4_ros_com/install/px4_ros_com
[0.050s] -- The C compiler identification is GNU 11.4.0
[0.089s] -- The CXX compiler identification is GNU 11.4.0
[0.094s] -- Detecting C compiler ABI info
[0.146s] -- Detecting C compiler ABI info - done
[0.152s] -- Check for working C compiler: /usr/bin/cc - skipped
[0.152s] -- Detecting C compile features
[0.153s] -- Detecting C compile features - done
[0.155s] -- Detecting CXX compiler ABI info
[0.215s] -- Detecting CXX compiler ABI info - done
[0.220s] -- Check for working CXX compiler: /usr/bin/c++ - skipped
[0.220s] -- Detecting CXX compile features
[0.221s] -- Detecting CXX compile features - done
[0.223s] -- Found ament_cmake: 1.3.12 (/opt/ros/humble/share/ament_cmake/cmake)
[0.486s] -- Found Python3: /usr/bin/python3 (found version "3.10.12") found components: Interpreter 
[0.562s] -- Found builtin_interfaces: 1.2.2 (/opt/ros/humble/share/builtin_interfaces/cmake)
[0.593s] -- Found rosidl_generator_c: 3.1.7 (/opt/ros/humble/share/rosidl_generator_c/cmake)
[0.597s] -- Found rosidl_adapter: 3.1.7 (/opt/ros/humble/share/rosidl_adapter/cmake)
[0.605s] -- Found rosidl_generator_cpp: 3.1.7 (/opt/ros/humble/share/rosidl_generator_cpp/cmake)
[0.618s] -- Using all available rosidl_typesupport_c: rosidl_typesupport_fastrtps_c;rosidl_typesupport_introspection_c
[0.634s] -- Using all available rosidl_typesupport_cpp: rosidl_typesupport_fastrtps_cpp;rosidl_typesupport_introspection_cpp
[0.647s] -- Found eigen3_cmake_module: 0.1.1 (/opt/ros/humble/share/eigen3_cmake_module/cmake)
[0.654s] -- Found Eigen3: TRUE (found version "3.4.0") 
[0.655s] -- Found geometry_msgs: 4.9.0 (/opt/ros/humble/share/geometry_msgs/cmake)
[0.690s] [31mCMake Error at CMakeLists.txt:24 (find_package):
[0.690s]   By not providing "Findpx4_msgs.cmake" in CMAKE_MODULE_PATH this project has
[0.690s]   asked CMake to find a package configuration file provided by "px4_msgs",
[0.690s]   but CMake did not find one.
[0.690s] 
[0.690s]   Could not find a package configuration file provided by "px4_msgs" with any
[0.690s]   of the following names:
[0.690s] 
[0.690s]     px4_msgsConfig.cmake
[0.690s]     px4_msgs-config.cmake
[0.690s] 
[0.690s]   Add the installation prefix of "px4_msgs" to CMAKE_PREFIX_PATH or set
[0.690s]   "px4_msgs_DIR" to a directory containing one of the above files.  If
[0.690s]   "px4_msgs" provides a separate development package or SDK, be sure it has
[0.690s]   been installed.
[0.690s] 
[0.691s] [0m
[0.691s] -- Configuring incomplete, errors occurred!
[0.691s] See also "/home/ubuntu/ws_offboard_control/src/px4_ros_com/build/px4_ros_com/CMakeFiles/CMakeOutput.log".
[0.694s] Invoked command in '/home/ubuntu/ws_offboard_control/src/px4_ros_com/build/px4_ros_com' returned '1': CMAKE_PREFIX_PATH=/opt/ros/humble /usr/bin/cmake /home/ubuntu/ws_offboard_control/src/px4_ros_com -DCMAKE_INSTALL_PREFIX=/home/ubuntu/ws_offboard_control/src/px4_ros_com/install/px4_ros_com
