[0.089s] DEBUG:colcon:Command line arguments: ['/usr/bin/colcon', 'build']
[0.089s] DEBUG:colcon:Parsed command line arguments: Namespace(log_base=None, log_level=None, verb_name='build', build_base='build', install_base='install', merge_install=False, symlink_install=False, test_result_base=None, continue_on_error=False, executor='parallel', parallel_workers=4, event_handlers=None, ignore_user_meta=False, metas=['./colcon.meta'], base_paths=['.'], packages_ignore=None, packages_ignore_regex=None, paths=None, packages_up_to=None, packages_up_to_regex=None, packages_above=None, packages_above_and_dependencies=None, packages_above_depth=None, packages_select_by_dep=None, packages_skip_by_dep=None, packages_skip_up_to=None, packages_select_build_failed=False, packages_skip_build_finished=False, packages_select_test_failures=False, packages_skip_test_passed=False, packages_select=None, packages_skip=None, packages_select_regex=None, packages_skip_regex=None, packages_start=None, packages_end=None, allow_overriding=[], cmake_args=None, cmake_target=None, cmake_target_skip_unavailable=False, cmake_clean_cache=False, cmake_clean_first=False, cmake_force_configure=False, ament_cmake_args=None, catkin_cmake_args=None, catkin_skip_building_tests=False, verb_parser=<colcon_defaults.argument_parser.defaults.DefaultArgumentsDecorator object at 0x77e076d462f0>, verb_extension=<colcon_core.verb.build.BuildVerb object at 0x77e076d454b0>, main=<bound method BuildVerb.main of <colcon_core.verb.build.BuildVerb object at 0x77e076d454b0>>)
[0.189s] Level 1:colcon.colcon_core.package_discovery:discover_packages(colcon_meta) check parameters
[0.189s] Level 1:colcon.colcon_core.package_discovery:discover_packages(recursive) check parameters
[0.189s] Level 1:colcon.colcon_core.package_discovery:discover_packages(ignore) check parameters
[0.189s] Level 1:colcon.colcon_core.package_discovery:discover_packages(path) check parameters
[0.189s] Level 1:colcon.colcon_core.package_discovery:discover_packages(colcon_meta) discover
[0.189s] Level 1:colcon.colcon_core.package_discovery:discover_packages(recursive) discover
[0.189s] INFO:colcon.colcon_core.package_discovery:Crawling recursively for packages in '/home/artupays/drone_code_ws/src/px4_ros_com'
[0.189s] Level 1:colcon.colcon_core.package_identification:_identify(.) by extensions ['ignore', 'ignore_ament_install']
[0.189s] Level 1:colcon.colcon_core.package_identification:_identify(.) by extension 'ignore'
[0.189s] Level 1:colcon.colcon_core.package_identification:_identify(.) by extension 'ignore_ament_install'
[0.189s] Level 1:colcon.colcon_core.package_identification:_identify(.) by extensions ['colcon_pkg']
[0.189s] Level 1:colcon.colcon_core.package_identification:_identify(.) by extension 'colcon_pkg'
[0.189s] Level 1:colcon.colcon_core.package_identification:_identify(.) by extensions ['colcon_meta']
[0.189s] Level 1:colcon.colcon_core.package_identification:_identify(.) by extension 'colcon_meta'
[0.189s] Level 1:colcon.colcon_core.package_identification:_identify(.) by extensions ['ros']
[0.189s] Level 1:colcon.colcon_core.package_identification:_identify(.) by extension 'ros'
[0.199s] DEBUG:colcon.colcon_core.package_identification:Package '.' with type 'ros.ament_cmake' and name 'px4_ros_com'
[0.200s] Level 1:colcon.colcon_core.package_discovery:discover_packages(recursive) using defaults
[0.200s] Level 1:colcon.colcon_core.package_discovery:discover_packages(ignore) discover
[0.200s] Level 1:colcon.colcon_core.package_discovery:discover_packages(ignore) using defaults
[0.200s] Level 1:colcon.colcon_core.package_discovery:discover_packages(path) discover
[0.200s] Level 1:colcon.colcon_core.package_discovery:discover_packages(path) using defaults
[0.216s] Level 1:colcon.colcon_core.package_discovery:discover_packages(prefix_path) check parameters
[0.216s] Level 1:colcon.colcon_core.package_discovery:discover_packages(prefix_path) discover
[0.218s] DEBUG:colcon.colcon_installed_package_information.package_discovery:Found 2 installed packages in /home/artupays/drone_code_ws/install
[0.218s] DEBUG:colcon.colcon_installed_package_information.package_discovery:Found 125 installed packages in /opt/ros/humble
[0.219s] Level 1:colcon.colcon_core.package_discovery:discover_packages(prefix_path) using defaults
[0.230s] Level 5:colcon.colcon_core.verb:set package 'px4_ros_com' build argument 'cmake_args' from command line to 'None'
[0.230s] Level 5:colcon.colcon_core.verb:set package 'px4_ros_com' build argument 'cmake_target' from command line to 'None'
[0.230s] Level 5:colcon.colcon_core.verb:set package 'px4_ros_com' build argument 'cmake_target_skip_unavailable' from command line to 'False'
[0.230s] Level 5:colcon.colcon_core.verb:set package 'px4_ros_com' build argument 'cmake_clean_cache' from command line to 'False'
[0.230s] Level 5:colcon.colcon_core.verb:set package 'px4_ros_com' build argument 'cmake_clean_first' from command line to 'False'
[0.230s] Level 5:colcon.colcon_core.verb:set package 'px4_ros_com' build argument 'cmake_force_configure' from command line to 'False'
[0.230s] Level 5:colcon.colcon_core.verb:set package 'px4_ros_com' build argument 'ament_cmake_args' from command line to 'None'
[0.230s] Level 5:colcon.colcon_core.verb:set package 'px4_ros_com' build argument 'catkin_cmake_args' from command line to 'None'
[0.230s] Level 5:colcon.colcon_core.verb:set package 'px4_ros_com' build argument 'catkin_skip_building_tests' from command line to 'False'
[0.230s] DEBUG:colcon.colcon_core.verb:Building package 'px4_ros_com' with the following arguments: {'ament_cmake_args': None, 'build_base': '/home/artupays/drone_code_ws/src/px4_ros_com/build/px4_ros_com', 'catkin_cmake_args': None, 'catkin_skip_building_tests': False, 'cmake_args': None, 'cmake_clean_cache': False, 'cmake_clean_first': False, 'cmake_force_configure': False, 'cmake_target': None, 'cmake_target_skip_unavailable': False, 'install_base': '/home/artupays/drone_code_ws/src/px4_ros_com/install/px4_ros_com', 'merge_install': False, 'path': '/home/artupays/drone_code_ws/src/px4_ros_com', 'symlink_install': False, 'test_result_base': None}
[0.230s] INFO:colcon.colcon_core.executor:Executing jobs using 'parallel' executor
[0.231s] DEBUG:colcon.colcon_parallel_executor.executor.parallel:run_until_complete
[0.231s] INFO:colcon.colcon_ros.task.ament_cmake.build:Building ROS package in '/home/artupays/drone_code_ws/src/px4_ros_com' with build type 'ament_cmake'
[0.231s] INFO:colcon.colcon_cmake.task.cmake.build:Building CMake package in '/home/artupays/drone_code_ws/src/px4_ros_com'
[0.233s] INFO:colcon.colcon_core.plugin_system:Skipping extension 'colcon_core.shell.bat': Not used on non-Windows systems
[0.233s] INFO:colcon.colcon_core.shell:Skip shell extension 'powershell' for command environment: Not usable outside of PowerShell
[0.233s] DEBUG:colcon.colcon_core.shell:Skip shell extension 'dsv' for command environment
[0.238s] DEBUG:colcon.colcon_core.event_handler.log_command:Invoking command in '/home/artupays/drone_code_ws/src/px4_ros_com/build/px4_ros_com': CMAKE_PREFIX_PATH=${CMAKE_PREFIX_PATH}:/opt/ros/humble /usr/bin/cmake /home/artupays/drone_code_ws/src/px4_ros_com -DCMAKE_INSTALL_PREFIX=/home/artupays/drone_code_ws/src/px4_ros_com/install/px4_ros_com
[1.210s] DEBUG:colcon.colcon_core.event_handler.log_command:Invoked command in '/home/artupays/drone_code_ws/src/px4_ros_com/build/px4_ros_com' returned '0': CMAKE_PREFIX_PATH=${CMAKE_PREFIX_PATH}:/opt/ros/humble /usr/bin/cmake /home/artupays/drone_code_ws/src/px4_ros_com -DCMAKE_INSTALL_PREFIX=/home/artupays/drone_code_ws/src/px4_ros_com/install/px4_ros_com
[1.211s] DEBUG:colcon.colcon_core.event_handler.log_command:Invoking command in '/home/artupays/drone_code_ws/src/px4_ros_com/build/px4_ros_com': CMAKE_PREFIX_PATH=${CMAKE_PREFIX_PATH}:/opt/ros/humble /usr/bin/cmake --build /home/artupays/drone_code_ws/src/px4_ros_com/build/px4_ros_com -- -j4 -l4
[23.292s] DEBUG:colcon.colcon_core.event_handler.log_command:Invoked command in '/home/artupays/drone_code_ws/src/px4_ros_com/build/px4_ros_com' returned '0': CMAKE_PREFIX_PATH=${CMAKE_PREFIX_PATH}:/opt/ros/humble /usr/bin/cmake --build /home/artupays/drone_code_ws/src/px4_ros_com/build/px4_ros_com -- -j4 -l4
[23.303s] DEBUG:colcon.colcon_core.event_handler.log_command:Invoking command in '/home/artupays/drone_code_ws/src/px4_ros_com/build/px4_ros_com': CMAKE_PREFIX_PATH=${CMAKE_PREFIX_PATH}:/opt/ros/humble /usr/bin/cmake --install /home/artupays/drone_code_ws/src/px4_ros_com/build/px4_ros_com
[23.405s] Level 1:colcon.colcon_core.environment:create_environment_scripts_only(px4_ros_com)
[23.407s] DEBUG:colcon.colcon_core.event_handler.log_command:Invoked command in '/home/artupays/drone_code_ws/src/px4_ros_com/build/px4_ros_com' returned '0': CMAKE_PREFIX_PATH=${CMAKE_PREFIX_PATH}:/opt/ros/humble /usr/bin/cmake --install /home/artupays/drone_code_ws/src/px4_ros_com/build/px4_ros_com
[23.412s] Level 1:colcon.colcon_core.environment:checking '/home/artupays/drone_code_ws/src/px4_ros_com/install/px4_ros_com' for CMake module files
[23.413s] Level 1:colcon.colcon_core.environment:checking '/home/artupays/drone_code_ws/src/px4_ros_com/install/px4_ros_com' for CMake config files
[23.413s] Level 1:colcon.colcon_core.shell:create_environment_hook('px4_ros_com', 'cmake_prefix_path')
[23.414s] INFO:colcon.colcon_core.shell:Creating environment hook '/home/artupays/drone_code_ws/src/px4_ros_com/install/px4_ros_com/share/px4_ros_com/hook/cmake_prefix_path.ps1'
[23.415s] INFO:colcon.colcon_core.shell:Creating environment descriptor '/home/artupays/drone_code_ws/src/px4_ros_com/install/px4_ros_com/share/px4_ros_com/hook/cmake_prefix_path.dsv'
[23.415s] INFO:colcon.colcon_core.shell:Creating environment hook '/home/artupays/drone_code_ws/src/px4_ros_com/install/px4_ros_com/share/px4_ros_com/hook/cmake_prefix_path.sh'
[23.432s] Level 1:colcon.colcon_core.environment:checking '/home/artupays/drone_code_ws/src/px4_ros_com/install/px4_ros_com/lib'
[23.433s] Level 1:colcon.colcon_core.shell:create_environment_hook('px4_ros_com', 'ld_library_path_lib')
[23.433s] INFO:colcon.colcon_core.shell:Creating environment hook '/home/artupays/drone_code_ws/src/px4_ros_com/install/px4_ros_com/share/px4_ros_com/hook/ld_library_path_lib.ps1'
[23.433s] INFO:colcon.colcon_core.shell:Creating environment descriptor '/home/artupays/drone_code_ws/src/px4_ros_com/install/px4_ros_com/share/px4_ros_com/hook/ld_library_path_lib.dsv'
[23.433s] INFO:colcon.colcon_core.shell:Creating environment hook '/home/artupays/drone_code_ws/src/px4_ros_com/install/px4_ros_com/share/px4_ros_com/hook/ld_library_path_lib.sh'
[23.434s] Level 1:colcon.colcon_core.environment:checking '/home/artupays/drone_code_ws/src/px4_ros_com/install/px4_ros_com/bin'
[23.434s] Level 1:colcon.colcon_core.environment:checking '/home/artupays/drone_code_ws/src/px4_ros_com/install/px4_ros_com/lib/pkgconfig/px4_ros_com.pc'
[23.434s] Level 1:colcon.colcon_core.environment:checking '/home/artupays/drone_code_ws/src/px4_ros_com/install/px4_ros_com/lib/python3.10/site-packages'
[23.434s] Level 1:colcon.colcon_core.environment:checking '/home/artupays/drone_code_ws/src/px4_ros_com/install/px4_ros_com/bin'
[23.434s] INFO:colcon.colcon_core.shell:Creating package script '/home/artupays/drone_code_ws/src/px4_ros_com/install/px4_ros_com/share/px4_ros_com/package.ps1'
[23.435s] INFO:colcon.colcon_core.shell:Creating package descriptor '/home/artupays/drone_code_ws/src/px4_ros_com/install/px4_ros_com/share/px4_ros_com/package.dsv'
[23.436s] INFO:colcon.colcon_core.shell:Creating package script '/home/artupays/drone_code_ws/src/px4_ros_com/install/px4_ros_com/share/px4_ros_com/package.sh'
[23.437s] INFO:colcon.colcon_core.shell:Creating package script '/home/artupays/drone_code_ws/src/px4_ros_com/install/px4_ros_com/share/px4_ros_com/package.bash'
[23.438s] INFO:colcon.colcon_core.shell:Creating package script '/home/artupays/drone_code_ws/src/px4_ros_com/install/px4_ros_com/share/px4_ros_com/package.zsh'
[23.439s] Level 1:colcon.colcon_core.environment:create_file_with_runtime_dependencies(/home/artupays/drone_code_ws/src/px4_ros_com/install/px4_ros_com/share/colcon-core/packages/px4_ros_com)
[23.440s] Level 1:colcon.colcon_core.environment:create_environment_scripts_only(px4_ros_com)
[23.440s] Level 1:colcon.colcon_core.environment:checking '/home/artupays/drone_code_ws/src/px4_ros_com/install/px4_ros_com' for CMake module files
[23.440s] Level 1:colcon.colcon_core.environment:checking '/home/artupays/drone_code_ws/src/px4_ros_com/install/px4_ros_com' for CMake config files
[23.441s] Level 1:colcon.colcon_core.shell:create_environment_hook('px4_ros_com', 'cmake_prefix_path')
[23.441s] INFO:colcon.colcon_core.shell:Creating environment hook '/home/artupays/drone_code_ws/src/px4_ros_com/install/px4_ros_com/share/px4_ros_com/hook/cmake_prefix_path.ps1'
[23.441s] INFO:colcon.colcon_core.shell:Creating environment descriptor '/home/artupays/drone_code_ws/src/px4_ros_com/install/px4_ros_com/share/px4_ros_com/hook/cmake_prefix_path.dsv'
[23.442s] INFO:colcon.colcon_core.shell:Creating environment hook '/home/artupays/drone_code_ws/src/px4_ros_com/install/px4_ros_com/share/px4_ros_com/hook/cmake_prefix_path.sh'
[23.442s] Level 1:colcon.colcon_core.environment:checking '/home/artupays/drone_code_ws/src/px4_ros_com/install/px4_ros_com/lib'
[23.442s] Level 1:colcon.colcon_core.shell:create_environment_hook('px4_ros_com', 'ld_library_path_lib')
[23.442s] INFO:colcon.colcon_core.shell:Creating environment hook '/home/artupays/drone_code_ws/src/px4_ros_com/install/px4_ros_com/share/px4_ros_com/hook/ld_library_path_lib.ps1'
[23.443s] INFO:colcon.colcon_core.shell:Creating environment descriptor '/home/artupays/drone_code_ws/src/px4_ros_com/install/px4_ros_com/share/px4_ros_com/hook/ld_library_path_lib.dsv'
[23.443s] INFO:colcon.colcon_core.shell:Creating environment hook '/home/artupays/drone_code_ws/src/px4_ros_com/install/px4_ros_com/share/px4_ros_com/hook/ld_library_path_lib.sh'
[23.443s] Level 1:colcon.colcon_core.environment:checking '/home/artupays/drone_code_ws/src/px4_ros_com/install/px4_ros_com/bin'
[23.443s] Level 1:colcon.colcon_core.environment:checking '/home/artupays/drone_code_ws/src/px4_ros_com/install/px4_ros_com/lib/pkgconfig/px4_ros_com.pc'
[23.444s] Level 1:colcon.colcon_core.environment:checking '/home/artupays/drone_code_ws/src/px4_ros_com/install/px4_ros_com/lib/python3.10/site-packages'
[23.444s] Level 1:colcon.colcon_core.environment:checking '/home/artupays/drone_code_ws/src/px4_ros_com/install/px4_ros_com/bin'
[23.444s] INFO:colcon.colcon_core.shell:Creating package script '/home/artupays/drone_code_ws/src/px4_ros_com/install/px4_ros_com/share/px4_ros_com/package.ps1'
[23.444s] INFO:colcon.colcon_core.shell:Creating package descriptor '/home/artupays/drone_code_ws/src/px4_ros_com/install/px4_ros_com/share/px4_ros_com/package.dsv'
[23.445s] INFO:colcon.colcon_core.shell:Creating package script '/home/artupays/drone_code_ws/src/px4_ros_com/install/px4_ros_com/share/px4_ros_com/package.sh'
[23.445s] INFO:colcon.colcon_core.shell:Creating package script '/home/artupays/drone_code_ws/src/px4_ros_com/install/px4_ros_com/share/px4_ros_com/package.bash'
[23.445s] INFO:colcon.colcon_core.shell:Creating package script '/home/artupays/drone_code_ws/src/px4_ros_com/install/px4_ros_com/share/px4_ros_com/package.zsh'
[23.446s] Level 1:colcon.colcon_core.environment:create_file_with_runtime_dependencies(/home/artupays/drone_code_ws/src/px4_ros_com/install/px4_ros_com/share/colcon-core/packages/px4_ros_com)
[23.446s] DEBUG:colcon.colcon_parallel_executor.executor.parallel:closing loop
[23.447s] DEBUG:colcon.colcon_parallel_executor.executor.parallel:loop closed
[23.447s] DEBUG:colcon.colcon_parallel_executor.executor.parallel:run_until_complete finished with '0'
[23.447s] DEBUG:colcon.colcon_core.event_reactor:joining thread
[23.456s] INFO:colcon.colcon_core.plugin_system:Skipping extension 'colcon_notification.desktop_notification.terminal_notifier': Not used on non-Darwin systems
[23.456s] INFO:colcon.colcon_core.plugin_system:Skipping extension 'colcon_notification.desktop_notification.win32': Not used on non-Windows systems
[23.456s] INFO:colcon.colcon_notification.desktop_notification:Sending desktop notification using 'notify2'
[23.468s] DEBUG:colcon.colcon_core.event_reactor:joined thread
[23.469s] INFO:colcon.colcon_core.shell:Creating prefix script '/home/artupays/drone_code_ws/src/px4_ros_com/install/local_setup.ps1'
[23.470s] INFO:colcon.colcon_core.shell:Creating prefix util module '/home/artupays/drone_code_ws/src/px4_ros_com/install/_local_setup_util_ps1.py'
[23.472s] INFO:colcon.colcon_core.shell:Creating prefix chain script '/home/artupays/drone_code_ws/src/px4_ros_com/install/setup.ps1'
[23.478s] INFO:colcon.colcon_core.shell:Creating prefix script '/home/artupays/drone_code_ws/src/px4_ros_com/install/local_setup.sh'
[23.482s] INFO:colcon.colcon_core.shell:Creating prefix util module '/home/artupays/drone_code_ws/src/px4_ros_com/install/_local_setup_util_sh.py'
[23.483s] INFO:colcon.colcon_core.shell:Creating prefix chain script '/home/artupays/drone_code_ws/src/px4_ros_com/install/setup.sh'
[23.488s] INFO:colcon.colcon_core.shell:Creating prefix script '/home/artupays/drone_code_ws/src/px4_ros_com/install/local_setup.bash'
[23.491s] INFO:colcon.colcon_core.shell:Creating prefix chain script '/home/artupays/drone_code_ws/src/px4_ros_com/install/setup.bash'
[23.494s] INFO:colcon.colcon_core.shell:Creating prefix script '/home/artupays/drone_code_ws/src/px4_ros_com/install/local_setup.zsh'
[23.495s] INFO:colcon.colcon_core.shell:Creating prefix chain script '/home/artupays/drone_code_ws/src/px4_ros_com/install/setup.zsh'
